#
# There is insufficient memory for the Java Runtime Environment to continue.
# Native memory allocation (malloc) failed to allocate 32744 bytes for ChunkPool::allocate
# Possible reasons:
#   The system is out of physical RAM or swap space
#   In 32 bit mode, the process size limit was hit
# Possible solutions:
#   Reduce memory load on the system
#   Increase physical memory or swap space
#   Check if swap backing store is full
#   Use 64 bit Java on a 64 bit OS
#   Decrease Java heap size (-Xmx/-Xms)
#   Decrease number of Java threads
#   Decrease Java thread stack sizes (-Xss)
#   Set larger code cache with -XX:ReservedCodeCacheSize=
# This output file may be truncated or incomplete.
#
#  Out of Memory Error (allocation.cpp:273), pid=23540, tid=0x00000000000036b0
#
# JRE version: Java(TM) SE Runtime Environment (8.0_181-b13) (build 1.8.0_181-b13)
# Java VM: Java HotSpot(TM) 64-Bit Server VM (25.181-b13 mixed mode windows-amd64 compressed oops)
# Failed to write core dump. Minidumps are not enabled by default on client versions of Windows
#

---------------  T H R E A D  ---------------

Current thread (0x0000000017b7c800):  JavaThread "C2 CompilerThread0" daemon [_thread_in_native, id=14000, stack(0x000000001a1a0000,0x000000001a2a0000)]

Stack: [0x000000001a1a0000,0x000000001a2a0000]
[error occurred during error reporting (printing stack bounds), id 0xc0000005]

Native frames: (J=compiled Java code, j=interpreted, Vv=VM code, C=native code)


Current CompileTask:
C2: 200638 5979       4       sun.invoke.util.BytecodeDescriptor::unparseSig (75 bytes)


---------------  P R O C E S S  ---------------

Java Threads: ( => current thread )
  0x0000000020c3f000 JavaThread "DestroyJavaVM" [_thread_blocked, id=12556, stack(0x00000000029f0000,0x0000000002af0000)]
  0x0000000020c3e000 JavaThread "http-nio-8761-AsyncTimeout" daemon [_thread_blocked, id=5140, stack(0x0000000025b30000,0x0000000025c30000)]
  0x00000000205a3000 JavaThread "http-nio-8761-Acceptor-0" daemon [_thread_in_native, id=13696, stack(0x0000000025a30000,0x0000000025b30000)]
  0x000000002059b000 JavaThread "http-nio-8761-ClientPoller-1" daemon [_thread_in_native, id=23680, stack(0x0000000025930000,0x0000000025a30000)]
  0x000000002059d800 JavaThread "http-nio-8761-ClientPoller-0" daemon [_thread_in_native, id=10376, stack(0x0000000025830000,0x0000000025930000)]
  0x00000000205a2000 JavaThread "http-nio-8761-exec-10" daemon [_thread_blocked, id=24492, stack(0x0000000025730000,0x0000000025830000)]
  0x000000002059a800 JavaThread "http-nio-8761-exec-9" daemon [_thread_blocked, id=9852, stack(0x0000000025630000,0x0000000025730000)]
  0x000000002059e000 JavaThread "http-nio-8761-exec-8" daemon [_thread_blocked, id=18176, stack(0x0000000025530000,0x0000000025630000)]
  0x000000002059c800 JavaThread "http-nio-8761-exec-7" daemon [_thread_blocked, id=1860, stack(0x0000000025430000,0x0000000025530000)]
  0x000000002059f800 JavaThread "http-nio-8761-exec-6" daemon [_thread_in_vm, id=21816, stack(0x0000000025330000,0x0000000025430000)]
  0x000000002059f000 JavaThread "http-nio-8761-exec-5" daemon [_thread_blocked, id=4012, stack(0x0000000025230000,0x0000000025330000)]
  0x00000000205a0800 JavaThread "http-nio-8761-exec-4" daemon [_thread_blocked, id=14924, stack(0x0000000025130000,0x0000000025230000)]
  0x00000000205a1000 JavaThread "http-nio-8761-exec-3" daemon [_thread_blocked, id=16960, stack(0x0000000025030000,0x0000000025130000)]
  0x000000002059c000 JavaThread "http-nio-8761-exec-2" daemon [_thread_blocked, id=18504, stack(0x0000000024f30000,0x0000000025030000)]
  0x0000000020593800 JavaThread "http-nio-8761-exec-1" daemon [_thread_blocked, id=14624, stack(0x0000000024e30000,0x0000000024f30000)]
  0x0000000020596000 JavaThread "NioBlockingSelector.BlockPoller-1" daemon [_thread_in_native, id=15868, stack(0x0000000024d30000,0x0000000024e30000)]
  0x0000000020599800 JavaThread "Eureka-CacheFillTimer" daemon [_thread_blocked, id=23312, stack(0x0000000024b30000,0x0000000024c30000)]
  0x0000000020599000 JavaThread "Eureka-PeerNodesUpdater" daemon [_thread_blocked, id=10088, stack(0x0000000024a30000,0x0000000024b30000)]
  0x0000000020598000 JavaThread "Eureka-MeasureRateTimer" daemon [_thread_blocked, id=12792, stack(0x00000000246b0000,0x00000000247b0000)]
  0x0000000020597800 JavaThread "ReplicaAwareInstanceRegistry - RenewalThresholdUpdater" daemon [_thread_blocked, id=2132, stack(0x00000000245b0000,0x00000000246b0000)]
  0x0000000020595000 JavaThread "Eureka-MeasureRateTimer" daemon [_thread_blocked, id=15640, stack(0x00000000244b0000,0x00000000245b0000)]
  0x0000000020596800 JavaThread "Eureka-EvictionTimer" daemon [_thread_blocked, id=19600, stack(0x0000000024130000,0x0000000024230000)]
  0x0000000020594800 JavaThread "Eureka-DeltaRetentionTimer" daemon [_thread_blocked, id=20512, stack(0x0000000022f80000,0x0000000023080000)]
  0x000000001f580000 JavaThread "container-0" [_thread_blocked, id=11084, stack(0x0000000022a90000,0x0000000022b90000)]
  0x000000001f57d000 JavaThread "ContainerBackgroundProcessor[StandardEngine[Tomcat]]" daemon [_thread_blocked, id=6540, stack(0x0000000022990000,0x0000000022a90000)]
  0x000000001f57a800 JavaThread "SimplePauseDetectorThread_0" daemon [_thread_blocked, id=19096, stack(0x0000000022490000,0x0000000022590000)]
  0x000000001f57f000 JavaThread "Thread-5" daemon [_thread_blocked, id=16176, stack(0x0000000020f40000,0x0000000021040000)]
  0x000000001f581800 JavaThread "spring.cloud.inetutils" daemon [_thread_blocked, id=17016, stack(0x0000000020e40000,0x0000000020f40000)]
  0x000000001aba8800 JavaThread "Monitor Ctrl-Break" daemon [_thread_in_native, id=8676, stack(0x000000001b0e0000,0x000000001b1e0000)]
  0x0000000019b7d800 JavaThread "Service Thread" daemon [_thread_blocked, id=12164, stack(0x000000001a5a0000,0x000000001a6a0000)]
  0x0000000019aed800 JavaThread "C1 CompilerThread3" daemon [_thread_blocked, id=9284, stack(0x000000001a4a0000,0x000000001a5a0000)]
  0x0000000019ae9800 JavaThread "C2 CompilerThread2" daemon [_thread_in_native, id=24204, stack(0x000000001a3a0000,0x000000001a4a0000)]
  0x0000000019ad9000 JavaThread "C2 CompilerThread1" daemon [_thread_in_native, id=12084, stack(0x000000001a2a0000,0x000000001a3a0000)]
=>0x0000000017b7c800 JavaThread "C2 CompilerThread0" daemon [_thread_in_native, id=14000, stack(0x000000001a1a0000,0x000000001a2a0000)]
  0x0000000019ad8800 JavaThread "Attach Listener" daemon [_thread_blocked, id=11340, stack(0x000000001a0a0000,0x000000001a1a0000)]
  0x0000000019a86000 JavaThread "Signal Dispatcher" daemon [_thread_blocked, id=23988, stack(0x0000000019fa0000,0x000000001a0a0000)]
  0x0000000017b75800 JavaThread "Finalizer" daemon [_thread_blocked, id=24564, stack(0x0000000019e40000,0x0000000019f40000)]
  0x0000000017b6e800 JavaThread "Reference Handler" daemon [_thread_blocked, id=9492, stack(0x0000000019940000,0x0000000019a40000)]

Other Threads:
  0x0000000017b65800 VMThread [stack: 0x0000000019840000,0x0000000019940000] [id=16668]
  0x0000000019bb6800 WatcherThread [stack: 0x000000001a6a0000,0x000000001a7a0000] [id=21712]

VM state:not at safepoint (normal execution)

VM Mutex/Monitor currently owned by a thread: None

Heap:
 PSYoungGen      total 283136K, used 193715K [0x00000000d5f00000, 0x00000000ee080000, 0x0000000100000000)
  eden space 268288K, 67% used [0x00000000d5f00000,0x00000000e0f3f7f8,0x00000000e6500000)
  from space 14848K, 89% used [0x00000000e6500000,0x00000000e71ed468,0x00000000e7380000)
  to   space 16384K, 0% used [0x00000000ed080000,0x00000000ed080000,0x00000000ee080000)
 ParOldGen       total 76288K, used 22587K [0x0000000081c00000, 0x0000000086680000, 0x00000000d5f00000)
  object space 76288K, 29% used [0x0000000081c00000,0x000000008320eed8,0x0000000086680000)
 Metaspace       used 54036K, capacity 56426K, committed 56536K, reserved 1097728K
  class space    used 7235K, capacity 7661K, committed 7680K, reserved 1048576K

Card table byte_map: [0x0000000011fb0000,0x00000000123b0000] byte_map_base: 0x0000000011ba2000

Marking Bits: (ParMarkBitMap*) 0x0000000057e72d00
 Begin Bits: [0x0000000012e60000, 0x0000000014df0000)
 End Bits:   [0x0000000014df0000, 0x0000000016d80000)

Polling page: 0x0000000000ce0000

CodeCache: size=245760Kb used=17940Kb max_used=18164Kb free=227819Kb
 bounds [0x0000000002bf0000, 0x0000000003dd0000, 0x0000000011bf0000]
 total_blobs=5470 nmethods=4971 adapters=410
 compilation: enabled

Compilation events (10 events):
Event: 200.554 Thread 0x0000000019aed800 5973       3       java.util.Collections::unmodifiableMap (9 bytes)
Event: 200.554 Thread 0x0000000019aed800 nmethod 5973 0x0000000003ca16d0 code [0x0000000003ca1860, 0x0000000003ca1bc8]
Event: 200.559 Thread 0x0000000017b7c800 5975   !   4       java.util.Collections$SynchronizedCollection::add (25 bytes)
Event: 200.583 Thread 0x0000000017b7c800 nmethod 5975 0x0000000003c9a210 code [0x0000000003c9a440, 0x0000000003c9b5c0]
Event: 200.626 Thread 0x0000000019ad9000 5976   !   4       org.springframework.core.SerializableTypeWrapper$TypeProxyInvocationHandler::invoke (239 bytes)
Event: 200.626 Thread 0x0000000017b7c800 5977       4       sun.reflect.generics.repository.ClassRepository::getSuperInterfaces (77 bytes)
Event: 200.626 Thread 0x0000000019aed800 5978       3       io.micrometer.shaded.org.pcollections.IntTree::rebalanced (449 bytes)
Event: 200.627 Thread 0x0000000019aed800 nmethod 5978 0x0000000003872f50 code [0x00000000038731e0, 0x0000000003873fe8]
Event: 200.631 Thread 0x0000000017b7c800 nmethod 5977 0x0000000002e267d0 code [0x0000000002e26940, 0x0000000002e26e08]
Event: 200.631 Thread 0x0000000017b7c800 5979       4       sun.invoke.util.BytecodeDescriptor::unparseSig (75 bytes)

GC Heap History (10 events):
Event: 4.973 GC heap before
{Heap before GC invocations=9 (full 1):
 PSYoungGen      total 140288K, used 140277K [0x00000000d5f00000, 0x00000000e2a80000, 0x0000000100000000)
  eden space 131072K, 100% used [0x00000000d5f00000,0x00000000ddf00000,0x00000000ddf00000)
  from space 9216K, 99% used [0x00000000ddf00000,0x00000000de7fd760,0x00000000de800000)
  to   space 12288K, 0% used [0x00000000e1e80000,0x00000000e1e80000,0x00000000e2a80000)
 ParOldGen       total 51712K, used 9228K [0x0000000081c00000, 0x0000000084e80000, 0x00000000d5f00000)
  object space 51712K, 17% used [0x0000000081c00000,0x00000000825031e8,0x0000000084e80000)
 Metaspace       used 33707K, capacity 35052K, committed 35200K, reserved 1079296K
  class space    used 4363K, capacity 4628K, committed 4736K, reserved 1048576K
Event: 4.987 GC heap after
Heap after GC invocations=9 (full 1):
 PSYoungGen      total 193024K, used 12259K [0x00000000d5f00000, 0x00000000e4b00000, 0x0000000100000000)
  eden space 180736K, 0% used [0x00000000d5f00000,0x00000000d5f00000,0x00000000e0f80000)
  from space 12288K, 99% used [0x00000000e1e80000,0x00000000e2a78da8,0x00000000e2a80000)
  to   space 15360K, 0% used [0x00000000e0f80000,0x00000000e0f80000,0x00000000e1e80000)
 ParOldGen       total 51712K, used 13258K [0x0000000081c00000, 0x0000000084e80000, 0x00000000d5f00000)
  object space 51712K, 25% used [0x0000000081c00000,0x00000000828f29f8,0x0000000084e80000)
 Metaspace       used 33707K, capacity 35052K, committed 35200K, reserved 1079296K
  class space    used 4363K, capacity 4628K, committed 4736K, reserved 1048576K
}
Event: 5.041 GC heap before
{Heap before GC invocations=10 (full 1):
 PSYoungGen      total 193024K, used 18046K [0x00000000d5f00000, 0x00000000e4b00000, 0x0000000100000000)
  eden space 180736K, 3% used [0x00000000d5f00000,0x00000000d64a6b58,0x00000000e0f80000)
  from space 12288K, 99% used [0x00000000e1e80000,0x00000000e2a78da8,0x00000000e2a80000)
  to   space 15360K, 0% used [0x00000000e0f80000,0x00000000e0f80000,0x00000000e1e80000)
 ParOldGen       total 51712K, used 13258K [0x0000000081c00000, 0x0000000084e80000, 0x00000000d5f00000)
  object space 51712K, 25% used [0x0000000081c00000,0x00000000828f29f8,0x0000000084e80000)
 Metaspace       used 34012K, capacity 35340K, committed 35416K, reserved 1079296K
  class space    used 4394K, capacity 4660K, committed 4736K, reserved 1048576K
Event: 5.052 GC heap after
Heap after GC invocations=10 (full 1):
 PSYoungGen      total 196096K, used 8084K [0x00000000d5f00000, 0x00000000e8600000, 0x0000000100000000)
  eden space 180736K, 0% used [0x00000000d5f00000,0x00000000d5f00000,0x00000000e0f80000)
  from space 15360K, 52% used [0x00000000e0f80000,0x00000000e17650b0,0x00000000e1e80000)
  to   space 14848K, 0% used [0x00000000e7780000,0x00000000e7780000,0x00000000e8600000)
 ParOldGen       total 51712K, used 17748K [0x0000000081c00000, 0x0000000084e80000, 0x00000000d5f00000)
  object space 51712K, 34% used [0x0000000081c00000,0x0000000082d55018,0x0000000084e80000)
 Metaspace       used 34012K, capacity 35340K, committed 35416K, reserved 1079296K
  class space    used 4394K, capacity 4660K, committed 4736K, reserved 1048576K
}
Event: 5.052 GC heap before
{Heap before GC invocations=11 (full 2):
 PSYoungGen      total 196096K, used 8084K [0x00000000d5f00000, 0x00000000e8600000, 0x0000000100000000)
  eden space 180736K, 0% used [0x00000000d5f00000,0x00000000d5f00000,0x00000000e0f80000)
  from space 15360K, 52% used [0x00000000e0f80000,0x00000000e17650b0,0x00000000e1e80000)
  to   space 14848K, 0% used [0x00000000e7780000,0x00000000e7780000,0x00000000e8600000)
 ParOldGen       total 51712K, used 17748K [0x0000000081c00000, 0x0000000084e80000, 0x00000000d5f00000)
  object space 51712K, 34% used [0x0000000081c00000,0x0000000082d55018,0x0000000084e80000)
 Metaspace       used 34012K, capacity 35340K, committed 35416K, reserved 1079296K
  class space    used 4394K, capacity 4660K, committed 4736K, reserved 1048576K
Event: 5.123 GC heap after
Heap after GC invocations=11 (full 2):
 PSYoungGen      total 196096K, used 0K [0x00000000d5f00000, 0x00000000e8600000, 0x0000000100000000)
  eden space 180736K, 0% used [0x00000000d5f00000,0x00000000d5f00000,0x00000000e0f80000)
  from space 15360K, 0% used [0x00000000e0f80000,0x00000000e0f80000,0x00000000e1e80000)
  to   space 14848K, 0% used [0x00000000e7780000,0x00000000e7780000,0x00000000e8600000)
 ParOldGen       total 76288K, used 17330K [0x0000000081c00000, 0x0000000086680000, 0x00000000d5f00000)
  object space 76288K, 22% used [0x0000000081c00000,0x0000000082cec848,0x0000000086680000)
 Metaspace       used 34012K, capacity 35340K, committed 35416K, reserved 1079296K
  class space    used 4394K, capacity 4660K, committed 4736K, reserved 1048576K
}
Event: 7.476 GC heap before
{Heap before GC invocations=12 (full 2):
 PSYoungGen      total 196096K, used 180736K [0x00000000d5f00000, 0x00000000e8600000, 0x0000000100000000)
  eden space 180736K, 100% used [0x00000000d5f00000,0x00000000e0f80000,0x00000000e0f80000)
  from space 15360K, 0% used [0x00000000e0f80000,0x00000000e0f80000,0x00000000e1e80000)
  to   space 14848K, 0% used [0x00000000e7780000,0x00000000e7780000,0x00000000e8600000)
 ParOldGen       total 76288K, used 17330K [0x0000000081c00000, 0x0000000086680000, 0x00000000d5f00000)
  object space 76288K, 22% used [0x0000000081c00000,0x0000000082cec848,0x0000000086680000)
 Metaspace       used 38364K, capacity 40034K, committed 40152K, reserved 1083392K
  class space    used 4974K, capacity 5293K, committed 5376K, reserved 1048576K
Event: 7.486 GC heap after
Heap after GC invocations=12 (full 2):
 PSYoungGen      total 269312K, used 10695K [0x00000000d5f00000, 0x00000000e8200000, 0x0000000100000000)
  eden space 258560K, 0% used [0x00000000d5f00000,0x00000000d5f00000,0x00000000e5b80000)
  from space 10752K, 99% used [0x00000000e7780000,0x00000000e81f1d80,0x00000000e8200000)
  to   space 14848K, 0% used [0x00000000e6500000,0x00000000e6500000,0x00000000e7380000)
 ParOldGen       total 76288K, used 17338K [0x0000000081c00000, 0x0000000086680000, 0x00000000d5f00000)
  object space 76288K, 22% used [0x0000000081c00000,0x0000000082cee848,0x0000000086680000)
 Metaspace       used 38364K, capacity 40034K, committed 40152K, reserved 1083392K
  class space    used 4974K, capacity 5293K, committed 5376K, reserved 1048576K
}
Event: 9.313 GC heap before
{Heap before GC invocations=13 (full 2):
 PSYoungGen      total 269312K, used 269255K [0x00000000d5f00000, 0x00000000e8200000, 0x0000000100000000)
  eden space 258560K, 100% used [0x00000000d5f00000,0x00000000e5b80000,0x00000000e5b80000)
  from space 10752K, 99% used [0x00000000e7780000,0x00000000e81f1d80,0x00000000e8200000)
  to   space 14848K, 0% used [0x00000000e6500000,0x00000000e6500000,0x00000000e7380000)
 ParOldGen       total 76288K, used 17338K [0x0000000081c00000, 0x0000000086680000, 0x00000000d5f00000)
  object space 76288K, 22% used [0x0000000081c00000,0x0000000082cee848,0x0000000086680000)
 Metaspace       used 47003K, capacity 49018K, committed 49112K, reserved 1091584K
  class space    used 6271K, capacity 6637K, committed 6656K, reserved 1048576K
Event: 9.327 GC heap after
Heap after GC invocations=13 (full 2):
 PSYoungGen      total 283136K, used 13237K [0x00000000d5f00000, 0x00000000ee080000, 0x0000000100000000)
  eden space 268288K, 0% used [0x00000000d5f00000,0x00000000d5f00000,0x00000000e6500000)
  from space 14848K, 89% used [0x00000000e6500000,0x00000000e71ed468,0x00000000e7380000)
  to   space 16384K, 0% used [0x00000000ed080000,0x00000000ed080000,0x00000000ee080000)
 ParOldGen       total 76288K, used 22587K [0x0000000081c00000, 0x0000000086680000, 0x00000000d5f00000)
  object space 76288K, 29% used [0x0000000081c00000,0x000000008320eed8,0x0000000086680000)
 Metaspace       used 47003K, capacity 49018K, committed 49112K, reserved 1091584K
  class space    used 6271K, capacity 6637K, committed 6656K, reserved 1048576K
}

Deoptimization events (10 events):
Event: 21.618 Thread 0x000000002059c000 Uncommon trap: reason=unstable_if action=reinterpret pc=0x00000000035f9894 method=java.nio.Buffer.<init>(IIII)V @ 66
Event: 21.618 Thread 0x000000002059c000 Uncommon trap: reason=unstable_if action=reinterpret pc=0x00000000035ab828 method=java.nio.Buffer.<init>(IIII)V @ 66
Event: 21.854 Thread 0x000000002059c000 Uncommon trap: reason=unstable_if action=reinterpret pc=0x0000000003020180 method=java.nio.Buffer.limit(I)Ljava/nio/Buffer; @ 33
Event: 21.917 Thread 0x000000002059c000 Uncommon trap: reason=unstable_if action=reinterpret pc=0x0000000003583d18 method=java.nio.Buffer.position(I)Ljava/nio/Buffer; @ 33
Event: 120.698 Thread 0x00000000205a2000 Uncommon trap: reason=unstable_if action=reinterpret pc=0x0000000003596698 method=java.lang.StringCoding.safeTrim([CILjava/nio/charset/Charset;Z)[C @ 3
Event: 120.698 Thread 0x0000000020593800 Uncommon trap: reason=unstable_if action=reinterpret pc=0x0000000003b8ca50 method=java.lang.StringCoding.safeTrim([CILjava/nio/charset/Charset;Z)[C @ 3
Event: 200.500 Thread 0x000000002059f800 Uncommon trap: reason=predicate action=maybe_recompile pc=0x000000000325c6b0 method=java.util.TreeMap.put(Ljava/lang/Object;Ljava/lang/Object;)Ljava/lang/Object; @ 132
Event: 200.553 Thread 0x000000002059f800 Uncommon trap: reason=bimorphic action=maybe_recompile pc=0x0000000003c9f6b0 method=java.util.Collections$UnmodifiableMap.containsKey(Ljava/lang/Object;)Z @ 5
Event: 200.554 Thread 0x000000002059f800 Uncommon trap: reason=bimorphic action=maybe_recompile pc=0x0000000003c9f6b0 method=java.util.Collections$UnmodifiableMap.containsKey(Ljava/lang/Object;)Z @ 5
Event: 200.554 Thread 0x000000002059f800 Uncommon trap: reason=bimorphic action=maybe_recompile pc=0x0000000003c9f6b0 method=java.util.Collections$UnmodifiableMap.containsKey(Ljava/lang/Object;)Z @ 5

Classes redefined (0 events):
No events

Internal exceptions (10 events):
Event: 21.268 Thread 0x0000000020593800 Exception <a 'java/lang/ClassNotFoundException': org/springframework/web/servlet/FlashMapManagerCustomizer> (0x00000000de85fc08) thrown at [C:\re\workspace\8-2-build-windows-amd64-cygwin\jdk8u181\11358\hotspot\src\share\vm\classfile\systemDictionary.cpp, 
Event: 21.308 Thread 0x0000000020593800 Implicit null exception at 0x0000000003d618ef to 0x0000000003d6c855
Event: 21.310 Thread 0x0000000020593800 Exception <a 'java/lang/ClassNotFoundException': java/lang/ObjectCustomizer> (0x00000000de998580) thrown at [C:\re\workspace\8-2-build-windows-amd64-cygwin\jdk8u181\11358\hotspot\src\share\vm\classfile\systemDictionary.cpp, line 210]
Event: 21.312 Thread 0x0000000020593800 Exception <a 'java/lang/ClassNotFoundException': org/springframework/web/servlet/handler/HandlerMappingIntrospectorCustomizer> (0x00000000de9c9460) thrown at [C:\re\workspace\8-2-build-windows-amd64-cygwin\jdk8u181\11358\hotspot\src\share\vm\classfile\sys
Event: 21.314 Thread 0x0000000020593800 Exception <a 'java/lang/ClassNotFoundException': org/springframework/web/cors/CorsConfigurationSourceCustomizer> (0x00000000de9f83f8) thrown at [C:\re\workspace\8-2-build-windows-amd64-cygwin\jdk8u181\11358\hotspot\src\share\vm\classfile\systemDictionary.
Event: 21.315 Thread 0x0000000020593800 Exception <a 'java/lang/ClassNotFoundException': org/springframework/context/ApplicationContextAwareCustomizer> (0x00000000dea1f9f8) thrown at [C:\re\workspace\8-2-build-windows-amd64-cygwin\jdk8u181\11358\hotspot\src\share\vm\classfile\systemDictionary.c
Event: 21.317 Thread 0x0000000020593800 Exception <a 'java/lang/ClassNotFoundException': org/springframework/beans/factory/InitializingBeanCustomizer> (0x00000000dea47638) thrown at [C:\re\workspace\8-2-build-windows-amd64-cygwin\jdk8u181\11358\hotspot\src\share\vm\classfile\systemDictionary.cp
Event: 120.698 Thread 0x00000000205a2000 Exception <a 'java/io/IOException'> (0x00000000e05dee30) thrown at [C:\re\workspace\8-2-build-windows-amd64-cygwin\jdk8u181\11358\hotspot\src\share\vm\prims\jni.cpp, line 709]
Event: 120.698 Thread 0x0000000020593800 Exception <a 'java/io/IOException'> (0x00000000dee50ac0) thrown at [C:\re\workspace\8-2-build-windows-amd64-cygwin\jdk8u181\11358\hotspot\src\share\vm\prims\jni.cpp, line 709]
Event: 200.625 Thread 0x000000002059f800 Exception <a 'java/lang/OutOfMemoryError': (class: freemarker/core/FMParserTokenManager, method: jjMoveNfa_0 signature: (II)I) > (0x00000000e0e1e300) thrown at [C:\re\workspace\8-2-build-windows-amd64-cygwin\jdk8u181\11358\hotspot\src\share\vm\classfile\v

Events (10 events):
Event: 200.628 loading class ch/qos/logback/classic/spi/ThrowableProxy
Event: 200.628 loading class ch/qos/logback/classic/spi/ThrowableProxy done
Event: 200.631 loading class ch/qos/logback/classic/spi/ThrowableProxyUtil
Event: 200.631 loading class ch/qos/logback/classic/spi/ThrowableProxyUtil done
Event: 200.631 Thread 0x0000000017b7c800 flushing nmethod 0x000000000301ff90
Event: 200.631 Thread 0x0000000017b7c800 flushing nmethod 0x0000000003049dd0
Event: 200.632 loading class ch/qos/logback/classic/spi/StackTraceElementProxy
Event: 200.632 loading class ch/qos/logback/classic/spi/StackTraceElementProxy done
Event: 200.632 loading class ch/qos/logback/classic/spi/PackagingDataCalculator
Event: 200.632 loading class ch/qos/logback/classic/spi/PackagingDataCalculator done


Dynamic libraries:
0x00007ff75bdf0000 - 0x00007ff75be27000 	D:\work\jdk\bin\java.exe
0x00007ff87eb20000 - 0x00007ff87ed0d000 	C:\WINDOWS\SYSTEM32\ntdll.dll
0x00007ff87cdc0000 - 0x00007ff87ce73000 	C:\WINDOWS\System32\KERNEL32.DLL
0x00007ff87b7d0000 - 0x00007ff87ba63000 	C:\WINDOWS\System32\KERNELBASE.dll
0x00007ff87ea40000 - 0x00007ff87eae3000 	C:\WINDOWS\System32\ADVAPI32.dll
0x00007ff87c090000 - 0x00007ff87c12e000 	C:\WINDOWS\System32\msvcrt.dll
0x00007ff87bdb0000 - 0x00007ff87be4e000 	C:\WINDOWS\System32\sechost.dll
0x00007ff87bee0000 - 0x00007ff87c002000 	C:\WINDOWS\System32\RPCRT4.dll
0x00007ff87c200000 - 0x00007ff87c397000 	C:\WINDOWS\System32\USER32.dll
0x00007ff87b760000 - 0x00007ff87b780000 	C:\WINDOWS\System32\win32u.dll
0x00007ff87c790000 - 0x00007ff87c7b9000 	C:\WINDOWS\System32\GDI32.dll
0x00007ff87b3e0000 - 0x00007ff87b57a000 	C:\WINDOWS\System32\gdi32full.dll
0x00007ff87ba70000 - 0x00007ff87bb10000 	C:\WINDOWS\System32\msvcp_win.dll
0x00007ff87b580000 - 0x00007ff87b67a000 	C:\WINDOWS\System32\ucrtbase.dll
0x00007ff86f1f0000 - 0x00007ff86f469000 	C:\WINDOWS\WinSxS\amd64_microsoft.windows.common-controls_6595b64144ccf1df_6.0.17763.437_none_05b63dca071e5dd6\COMCTL32.dll
0x00007ff87ca90000 - 0x00007ff87cdbc000 	C:\WINDOWS\System32\combase.dll
0x00007ff87b360000 - 0x00007ff87b3de000 	C:\WINDOWS\System32\bcryptPrimitives.dll
0x00007ff87beb0000 - 0x00007ff87bede000 	C:\WINDOWS\System32\IMM32.DLL
0x0000000058620000 - 0x00000000586f2000 	D:\work\jdk\jre\bin\msvcr100.dll
0x0000000057650000 - 0x0000000057ef2000 	D:\work\jdk\jre\bin\server\jvm.dll
0x00007ff87e530000 - 0x00007ff87e538000 	C:\WINDOWS\System32\PSAPI.DLL
0x00007ff878920000 - 0x00007ff878944000 	C:\WINDOWS\SYSTEM32\WINMM.dll
0x00007ff8728d0000 - 0x00007ff8728da000 	C:\WINDOWS\SYSTEM32\VERSION.dll
0x00007ff8736c0000 - 0x00007ff8736c9000 	C:\WINDOWS\SYSTEM32\WSOCK32.dll
0x00007ff87c720000 - 0x00007ff87c78d000 	C:\WINDOWS\System32\WS2_32.dll
0x00007ff878580000 - 0x00007ff8785ad000 	C:\WINDOWS\SYSTEM32\winmmbase.dll
0x00007ff87b780000 - 0x00007ff87b7ca000 	C:\WINDOWS\System32\cfgmgr32.dll
0x0000000058610000 - 0x000000005861f000 	D:\work\jdk\jre\bin\verify.dll
0x00000000585e0000 - 0x0000000058609000 	D:\work\jdk\jre\bin\java.dll
0x00000000585c0000 - 0x00000000585d6000 	D:\work\jdk\jre\bin\zip.dll
0x00007ff87d040000 - 0x00007ff87e530000 	C:\WINDOWS\System32\SHELL32.dll
0x00007ff87c7c0000 - 0x00007ff87c868000 	C:\WINDOWS\System32\shcore.dll
0x00007ff87ac10000 - 0x00007ff87b35a000 	C:\WINDOWS\System32\windows.storage.dll
0x00007ff87ab80000 - 0x00007ff87aba4000 	C:\WINDOWS\System32\profapi.dll
0x00007ff87ab20000 - 0x00007ff87ab7d000 	C:\WINDOWS\System32\powrprof.dll
0x00007ff87c870000 - 0x00007ff87c8c2000 	C:\WINDOWS\System32\shlwapi.dll
0x00007ff87abd0000 - 0x00007ff87abe1000 	C:\WINDOWS\System32\kernel.appcore.dll
0x00007ff87abf0000 - 0x00007ff87ac07000 	C:\WINDOWS\System32\cryptsp.dll
0x00007ff873070000 - 0x00007ff873080000 	D:\work\idea\IntelliJ IDEA 2016.3.5\bin\breakgen64.dll
0x00000000583b0000 - 0x00000000583ca000 	D:\work\jdk\jre\bin\net.dll
0x00007ff87a3a0000 - 0x00007ff87a407000 	C:\WINDOWS\system32\mswsock.dll
0x00007ff87a100000 - 0x00007ff87a13d000 	C:\WINDOWS\SYSTEM32\IPHLPAPI.DLL
0x00007ff87ca80000 - 0x00007ff87ca88000 	C:\WINDOWS\System32\NSI.dll
0x00007ff8706a0000 - 0x00007ff8706b6000 	C:\WINDOWS\SYSTEM32\dhcpcsvc6.DLL
0x00007ff870bc0000 - 0x00007ff870bdc000 	C:\WINDOWS\SYSTEM32\dhcpcsvc.DLL
0x00007ff87a140000 - 0x00007ff87a206000 	C:\WINDOWS\SYSTEM32\DNSAPI.dll
0x00007ff86f0c0000 - 0x00007ff86f0ca000 	C:\Windows\System32\rasadhlp.dll
0x00007ff86e700000 - 0x00007ff86e779000 	C:\WINDOWS\System32\fwpuclnt.dll
0x00007ff87b680000 - 0x00007ff87b6a6000 	C:\WINDOWS\System32\bcrypt.dll
0x0000000058380000 - 0x000000005838d000 	D:\work\jdk\jre\bin\management.dll
0x00007ff866dd0000 - 0x00007ff866de6000 	C:\WINDOWS\system32\napinsp.dll
0x00007ff866ca0000 - 0x00007ff866cba000 	C:\WINDOWS\system32\pnrpnsp.dll
0x00007ff866c90000 - 0x00007ff866c9e000 	C:\WINDOWS\System32\winrnr.dll
0x00007ff870ee0000 - 0x00007ff870efb000 	C:\WINDOWS\system32\NLAapi.dll
0x00007ff872e90000 - 0x00007ff872ea5000 	C:\WINDOWS\system32\wshbth.dll
0x0000000058390000 - 0x00000000583a1000 	D:\work\jdk\jre\bin\nio.dll
0x00007ff879f60000 - 0x00007ff879f93000 	C:\WINDOWS\system32\rsaenh.dll
0x00007ff87aa50000 - 0x00007ff87aa78000 	C:\WINDOWS\SYSTEM32\USERENV.dll
0x00007ff87a570000 - 0x00007ff87a57c000 	C:\WINDOWS\SYSTEM32\CRYPTBASE.dll
0x0000000180000000 - 0x000000018020b000 	D:\work\tomcat\apache-tomcat-8.5.14\bin\tcnative-1.dll

VM Arguments:
jvm_args: -Dspring.output.ansi.enabled=always -Didea.launcher.port=7532 -Didea.launcher.bin.path=D:\work\idea\IntelliJ IDEA 2016.3.5\bin -Dfile.encoding=UTF-8 
java_command: com.intellij.rt.execution.application.AppMain com.lk.cn.EurekaServerApplication
java_class_path (initial): D:\work\jdk\jre\lib\charsets.jar;D:\work\jdk\jre\lib\deploy.jar;D:\work\jdk\jre\lib\ext\access-bridge-64.jar;D:\work\jdk\jre\lib\ext\cldrdata.jar;D:\work\jdk\jre\lib\ext\dnsns.jar;D:\work\jdk\jre\lib\ext\jaccess.jar;D:\work\jdk\jre\lib\ext\jfxrt.jar;D:\work\jdk\jre\lib\ext\localedata.jar;D:\work\jdk\jre\lib\ext\nashorn.jar;D:\work\jdk\jre\lib\ext\sunec.jar;D:\work\jdk\jre\lib\ext\sunjce_provider.jar;D:\work\jdk\jre\lib\ext\sunmscapi.jar;D:\work\jdk\jre\lib\ext\sunpkcs11.jar;D:\work\jdk\jre\lib\ext\zipfs.jar;D:\work\jdk\jre\lib\javaws.jar;D:\work\jdk\jre\lib\jce.jar;D:\work\jdk\jre\lib\jfr.jar;D:\work\jdk\jre\lib\jfxswt.jar;D:\work\jdk\jre\lib\jsse.jar;D:\work\jdk\jre\lib\management-agent.jar;D:\work\jdk\jre\lib\plugin.jar;D:\work\jdk\jre\lib\resources.jar;D:\work\jdk\jre\lib\rt.jar;D:\work\idea\workSpace\spring-cloud-demo\eureka-server\target\classes;C:\Users\likun\.m2\repository\org\springframework\cloud\spring-cloud-starter-netflix-eureka-server\2.0.0.RELEASE\spring-cloud-starter-netflix-eureka-server-2.0.0.RELEASE.jar;C:\Users\likun\.m2\repository\org\springframework\cloud\spring-cloud-starter\2.0.0.RELEASE\spring-cloud-starter-2.0.0.RELEASE.jar;C:\Users\likun\.m2\repository\org\springframework\cloud\spring-cloud-context\2.0.0.RELEASE\spring-cloud-context-2.0.0.RELEASE.jar;C:\Users\likun\.m2\repository\org\springframework\security\spring-security-crypto\5.0.6.RELEASE\spring-security-crypto-5.0.6.RELEASE.jar;C:\Users\likun\.m2\repository\org\springframework\cloud\spring-cloud-commons\2.0.0.RELEASE\spring-cloud-commons-2.0.0.RELEASE.jar;C:\Users\likun\.m2\repository\org\springframework\security\spring-security-rsa\1.0.5.RELEASE\spring-security-rsa-1.0.5.RELEASE.jar;C:\Users\likun\.m2\repository\org\bouncycastle\bcpkix-jdk15on\1.56\bcpkix-jdk15on-1.56.jar;C:\Users\likun\.m2\repository\org\bouncycastle\bcprov-jdk15on\1.56\bcprov-jdk15on-1.56.jar;C:\Users\likun\.m2\repository\org\springframework\cloud\spring-cloud-netflix-eureka-server\2.0
Launcher Type: SUN_STANDARD

Environment Variables:
JAVA_HOME=D:\work\jdk
CLASSPATH=.;D:\work\jdk\lib;D:\work\jdk\lib\dt.jar;D:\work\jdk\lib\tools.jar
PATH=D:\app\likun\product\11.2.0\client_1\bin;D:\work\oracle\client;C:\Program Files (x86)\Common Files\Oracle\Java\javapath;C:\WINDOWS\system32;C:\WINDOWS;C:\WINDOWS\System32\Wbem;C:\WINDOWS\System32\WindowsPowerShell\v1.0\;D:\work\git\Git\cmd;D:\work\node\;D:\work\putty\;D:\work\svn\bin;D:\work\yarn\bin\;";D:\work\jdk\bin;D:\work\jdk\jre\bin";D:\work\maven\apache-maven-3.3.9\bin;C:\WINDOWS\System32\OpenSSH\;D:\work\tomcat\apache-tomcat-8.5.14\bin;C:\Users\likun\AppData\Local\Microsoft\WindowsApps;C:\Users\likun\AppData\Roaming\npm;C:\Users\likun\AppData\Local\Yarn\bin;;D:\work\VSCodeUserSetup-x64-1.34.0\Microsoft VS Code\bin
USERNAME=likun
OS=Windows_NT
PROCESSOR_IDENTIFIER=Intel64 Family 6 Model 142 Stepping 10, GenuineIntel



---------------  S Y S T E M  ---------------

OS: Windows 10.0 , 64 bit Build 17763 (10.0.17763.437)

CPU:total 8 (initial active 8) (4 cores per cpu, 2 threads per core) family 6 model 142 stepping 10, cmov, cx8, fxsr, mmx, sse, sse2, sse3, ssse3, sse4.1, sse4.2, popcnt, avx, avx2, aes, clmul, erms, 3dnowpref, lzcnt, ht, tsc, tscinvbit, bmi1, bmi2, adx

Memory: 4k page, physical 8269924k(523712k free), swap 19935584k(144k free)

vm_info: Java HotSpot(TM) 64-Bit Server VM (25.181-b13) for windows-amd64 JRE (1.8.0_181-b13), built on Jul  7 2018 04:01:33 by "java_re" with MS VC++ 10.0 (VS2010)

time: Mon Jul 15 17:55:06 2019
elapsed time: 200 seconds (0d 0h 3m 20s)

