#
# There is insufficient memory for the Java Runtime Environment to continue.
# Native memory allocation (malloc) failed to allocate 37776 bytes for Chunk::new
# Possible reasons:
#   The system is out of physical RAM or swap space
#   In 32 bit mode, the process size limit was hit
# Possible solutions:
#   Reduce memory load on the system
#   Increase physical memory or swap space
#   Check if swap backing store is full
#   Use 64 bit Java on a 64 bit OS
#   Decrease Java heap size (-Xmx/-Xms)
#   Decrease number of Java threads
#   Decrease Java thread stack sizes (-Xss)
#   Set larger code cache with -XX:ReservedCodeCacheSize=
# This output file may be truncated or incomplete.
#
#  Out of Memory Error (allocation.cpp:390), pid=6740, tid=0x00000000000040d0
#
# JRE version: Java(TM) SE Runtime Environment (8.0_181-b13) (build 1.8.0_181-b13)
# Java VM: Java HotSpot(TM) 64-Bit Server VM (25.181-b13 mixed mode windows-amd64 compressed oops)
# Failed to write core dump. Minidumps are not enabled by default on client versions of Windows
#

---------------  T H R E A D  ---------------

Current thread (0x000000001a996000):  JavaThread "C2 CompilerThread1" daemon [_thread_in_native, id=16592, stack(0x000000001afd0000,0x000000001b0d0000)]

Stack: [0x000000001afd0000,0x000000001b0d0000]
[error occurred during error reporting (printing stack bounds), id 0xc0000005]

Native frames: (J=compiled Java code, j=interpreted, Vv=VM code, C=native code)


Current CompileTask:
C2: 299999 6366       4       java.lang.Class::privateGetPublicMethods (267 bytes)


---------------  P R O C E S S  ---------------

Java Threads: ( => current thread )
  0x000000001d1fe800 JavaThread "DataPublisher" daemon [_thread_blocked, id=18808, stack(0x000000002be60000,0x000000002bf60000)]
  0x000000001d200000 JavaThread "PollingServerListUpdater-0" daemon [_thread_blocked, id=23416, stack(0x000000002bd60000,0x000000002be60000)]
  0x000000001d1ff800 JavaThread "NFLoadBalancer-PingTimer-serice-feign" daemon [_thread_blocked, id=10104, stack(0x000000002bc60000,0x000000002bd60000)]
  0x000000001d1fe000 JavaThread "RibbonApacheHttpClientConfiguration.connectionManagerTimer" daemon [_thread_blocked, id=18748, stack(0x000000002bb60000,0x000000002bc60000)]
  0x000000001d1fd000 JavaThread "expiringMap-0" daemon [_thread_blocked, id=24080, stack(0x000000002ba60000,0x000000002bb60000)]
  0x000000001d1fc800 JavaThread "DiscoveryClient-HeartbeatExecutor-0" daemon [_thread_blocked, id=5172, stack(0x000000002b960000,0x000000002ba60000)]
  0x000000001d1f5000 JavaThread "DiscoveryClient-CacheRefreshExecutor-0" daemon [_thread_blocked, id=9628, stack(0x000000002b860000,0x000000002b960000)]
  0x000000001d1fa000 JavaThread "DestroyJavaVM" [_thread_blocked, id=18268, stack(0x0000000002a90000,0x0000000002b90000)]
  0x000000001d1f9800 JavaThread "http-nio-8769-AsyncTimeout" daemon [_thread_blocked, id=3956, stack(0x000000002b560000,0x000000002b660000)]
  0x000000001d1fb800 JavaThread "http-nio-8769-Acceptor-0" daemon [_thread_in_native, id=7540, stack(0x000000002b460000,0x000000002b560000)]
  0x000000001d1f3800 JavaThread "http-nio-8769-ClientPoller-1" daemon [_thread_in_native, id=5076, stack(0x000000002b360000,0x000000002b460000)]
  0x000000001d1f2000 JavaThread "http-nio-8769-ClientPoller-0" daemon [_thread_in_native, id=15720, stack(0x000000002b260000,0x000000002b360000)]
  0x000000001d1f8800 JavaThread "http-nio-8769-exec-10" daemon [_thread_blocked, id=6112, stack(0x000000002b160000,0x000000002b260000)]
  0x000000001d1f6800 JavaThread "http-nio-8769-exec-9" daemon [_thread_blocked, id=24984, stack(0x000000002b060000,0x000000002b160000)]
  0x000000001d1f5800 JavaThread "http-nio-8769-exec-8" daemon [_thread_in_Java, id=528, stack(0x000000002af60000,0x000000002b060000)]
  0x000000001d1f4000 JavaThread "http-nio-8769-exec-7" daemon [_thread_blocked, id=23724, stack(0x000000002ae60000,0x000000002af60000)]
  0x000000001d1f8000 JavaThread "http-nio-8769-exec-6" daemon [_thread_blocked, id=608, stack(0x000000002ad60000,0x000000002ae60000)]
  0x000000001d1f7000 JavaThread "http-nio-8769-exec-5" daemon [_thread_blocked, id=5168, stack(0x000000002ac60000,0x000000002ad60000)]
  0x000000001d1f2800 JavaThread "http-nio-8769-exec-4" daemon [_thread_blocked, id=15308, stack(0x000000002ab60000,0x000000002ac60000)]
  0x0000000026344000 JavaThread "http-nio-8769-exec-3" daemon [_thread_blocked, id=19040, stack(0x000000002aa60000,0x000000002ab60000)]
  0x0000000026343000 JavaThread "http-nio-8769-exec-2" daemon [_thread_blocked, id=1584, stack(0x000000002a960000,0x000000002aa60000)]
  0x0000000026347000 JavaThread "http-nio-8769-exec-1" daemon [_thread_blocked, id=11192, stack(0x000000002a860000,0x000000002a960000)]
  0x0000000026345800 JavaThread "NioBlockingSelector.BlockPoller-1" daemon [_thread_in_native, id=25040, stack(0x000000002a760000,0x000000002a860000)]
  0x0000000026348800 JavaThread "DiscoveryClient-InstanceInfoReplicator-0" daemon [_thread_blocked, id=15460, stack(0x000000002a660000,0x000000002a760000)]
  0x0000000026349000 JavaThread "DiscoveryClient-1" daemon [_thread_blocked, id=22824, stack(0x000000002a560000,0x000000002a660000)]
  0x000000002634a000 JavaThread "DiscoveryClient-0" daemon [_thread_blocked, id=12708, stack(0x000000002a460000,0x000000002a560000)]
  0x0000000026346000 JavaThread "AsyncResolver-bootstrap-0" daemon [_thread_blocked, id=11000, stack(0x000000002a260000,0x000000002a360000)]
  0x0000000026347800 JavaThread "Eureka-JerseyClient-Conn-Cleaner2" daemon [_thread_blocked, id=10932, stack(0x0000000028ce0000,0x0000000028de0000)]
  0x0000000026344800 JavaThread "SimpleHostRoutingFilter.connectionManagerTimer" daemon [_thread_blocked, id=9844, stack(0x0000000027f40000,0x0000000028040000)]
  0x0000000021fb4800 JavaThread "container-0" [_thread_blocked, id=4568, stack(0x0000000027b00000,0x0000000027c00000)]
  0x0000000023e16800 JavaThread "ContainerBackgroundProcessor[StandardEngine[Tomcat]]" daemon [_thread_blocked, id=4836, stack(0x0000000027650000,0x0000000027750000)]
  0x00000000241ba000 JavaThread "RxIoScheduler-1 (Evictor)" daemon [_thread_blocked, id=1644, stack(0x00000000251b0000,0x00000000252b0000)]
  0x0000000022e25800 JavaThread "SimplePauseDetectorThread_0" daemon [_thread_blocked, id=24484, stack(0x00000000250b0000,0x00000000251b0000)]
  0x000000001b60a800 JavaThread "Thread-5" daemon [_thread_blocked, id=20636, stack(0x0000000024fb0000,0x00000000250b0000)]
  0x000000001b90e000 JavaThread "spring.cloud.inetutils" daemon [_thread_blocked, id=22452, stack(0x0000000024b90000,0x0000000024c90000)]
  0x000000001a9d8000 JavaThread "Service Thread" daemon [_thread_blocked, id=18608, stack(0x000000001b2d0000,0x000000001b3d0000)]
  0x000000001a99b800 JavaThread "C1 CompilerThread3" daemon [_thread_blocked, id=14116, stack(0x000000001b1d0000,0x000000001b2d0000)]
  0x000000001a996800 JavaThread "C2 CompilerThread2" daemon [_thread_in_native, id=23412, stack(0x000000001b0d0000,0x000000001b1d0000)]
=>0x000000001a996000 JavaThread "C2 CompilerThread1" daemon [_thread_in_native, id=16592, stack(0x000000001afd0000,0x000000001b0d0000)]
  0x000000001a8c9000 JavaThread "C2 CompilerThread0" daemon [_thread_in_native, id=5984, stack(0x000000001aed0000,0x000000001afd0000)]
  0x0000000019d82000 JavaThread "JDWP Command Reader" daemon [_thread_in_native, id=15692, stack(0x000000001a5d0000,0x000000001a6d0000)]
  0x0000000019d81000 JavaThread "JDWP Event Helper Thread" daemon [_thread_blocked, id=17456, stack(0x000000001a4d0000,0x000000001a5d0000)]
  0x0000000019d73000 JavaThread "JDWP Transport Listener: dt_socket" daemon [_thread_blocked, id=18428, stack(0x000000001a3d0000,0x000000001a4d0000)]
  0x0000000019d6a000 JavaThread "Attach Listener" daemon [_thread_blocked, id=12056, stack(0x000000001a2d0000,0x000000001a3d0000)]
  0x0000000019d17000 JavaThread "Signal Dispatcher" daemon [_thread_blocked, id=18088, stack(0x000000001a1d0000,0x000000001a2d0000)]
  0x0000000019cf0800 JavaThread "Finalizer" daemon [_thread_blocked, id=22128, stack(0x000000001a0d0000,0x000000001a1d0000)]
  0x0000000017e0d800 JavaThread "Reference Handler" daemon [_thread_blocked, id=11996, stack(0x0000000019bd0000,0x0000000019cd0000)]

Other Threads:
  0x0000000017e05800 VMThread [stack: 0x0000000019ad0000,0x0000000019bd0000] [id=9696]
  0x000000001aaea800 WatcherThread [stack: 0x000000001b3d0000,0x000000001b4d0000] [id=18472]

VM state:not at safepoint (normal execution)

VM Mutex/Monitor currently owned by a thread: None

Heap:
 PSYoungGen      total 388608K, used 15711K [0x00000000d5f00000, 0x00000000f9600000, 0x0000000100000000)
  eden space 372224K, 4% used [0x00000000d5f00000,0x00000000d6e57fe0,0x00000000eca80000)
  from space 16384K, 0% used [0x00000000eca80000,0x00000000eca80000,0x00000000eda80000)
  to   space 16384K, 0% used [0x00000000f8600000,0x00000000f8600000,0x00000000f9600000)
 ParOldGen       total 73216K, used 31999K [0x0000000081c00000, 0x0000000086380000, 0x00000000d5f00000)
  object space 73216K, 43% used [0x0000000081c00000,0x0000000083b3ff18,0x0000000086380000)
 Metaspace       used 56951K, capacity 59316K, committed 59608K, reserved 1101824K
  class space    used 7466K, capacity 7878K, committed 7896K, reserved 1048576K

Card table byte_map: [0x0000000012250000,0x0000000012650000] byte_map_base: 0x0000000011e42000

Marking Bits: (ParMarkBitMap*) 0x0000000058212d00
 Begin Bits: [0x0000000013100000, 0x0000000015090000)
 End Bits:   [0x0000000015090000, 0x0000000017020000)

Polling page: 0x00000000005f0000

CodeCache: size=245760Kb used=21541Kb max_used=21570Kb free=224218Kb
 bounds [0x0000000002e90000, 0x0000000004400000, 0x0000000011e90000]
 total_blobs=5818 nmethods=5301 adapters=436
 compilation: enabled

Compilation events (10 events):
Event: 299.980 Thread 0x000000001a99b800 6374       3       sun.reflect.generics.parser.SignatureParser::parseFormalTypeParameters (119 bytes)
Event: 299.981 Thread 0x000000001a99b800 nmethod 6374 0x0000000004228050 code [0x0000000004228380, 0x0000000004229a78]
Event: 299.993 Thread 0x000000001a99b800 6377       3       org.springframework.beans.factory.config.DependencyDescriptor::resolveCandidate (8 bytes)
Event: 299.994 Thread 0x000000001a99b800 nmethod 6377 0x000000000423a090 code [0x000000000423a200, 0x000000000423a448]
Event: 299.994 Thread 0x000000001a99b800 6378       3       java.util.concurrent.ConcurrentHashMap$BaseIterator::hasNext (13 bytes)
Event: 299.994 Thread 0x000000001a99b800 nmethod 6378 0x0000000004239d10 code [0x0000000004239e60, 0x000000000423a010]
Event: 299.994 Thread 0x000000001a99b800 6379       1       com.netflix.client.config.CommonClientConfigKey::key (5 bytes)
Event: 299.994 Thread 0x000000001a99b800 nmethod 6379 0x0000000004239a50 code [0x0000000004239ba0, 0x0000000004239cb0]
Event: 299.995 Thread 0x000000001a99b800 6380       3       com.netflix.servo.jmx.MonitorMBean::createMBeans (77 bytes)
Event: 299.996 Thread 0x000000001a99b800 nmethod 6380 0x0000000004226c50 code [0x0000000004226e80, 0x0000000004227ab8]

GC Heap History (10 events):
Event: 7.439 GC heap before
{Heap before GC invocations=12 (full 2):
 PSYoungGen      total 176128K, used 160256K [0x00000000d5f00000, 0x00000000e7280000, 0x0000000100000000)
  eden space 160256K, 100% used [0x00000000d5f00000,0x00000000dfb80000,0x00000000dfb80000)
  from space 15872K, 0% used [0x00000000dfb80000,0x00000000dfb80000,0x00000000e0b00000)
  to   space 15360K, 0% used [0x00000000e6380000,0x00000000e6380000,0x00000000e7280000)
 ParOldGen       total 73216K, used 16363K [0x0000000081c00000, 0x0000000086380000, 0x00000000d5f00000)
  object space 73216K, 22% used [0x0000000081c00000,0x0000000082bfaf20,0x0000000086380000)
 Metaspace       used 39331K, capacity 40932K, committed 41304K, reserved 1085440K
  class space    used 5046K, capacity 5344K, committed 5464K, reserved 1048576K
Event: 7.448 GC heap after
Heap after GC invocations=12 (full 2):
 PSYoungGen      total 256512K, used 8688K [0x00000000d5f00000, 0x00000000e6d00000, 0x0000000100000000)
  eden space 246784K, 0% used [0x00000000d5f00000,0x00000000d5f00000,0x00000000e5000000)
  from space 9728K, 89% used [0x00000000e6380000,0x00000000e6bfc298,0x00000000e6d00000)
  to   space 14848K, 0% used [0x00000000e5000000,0x00000000e5000000,0x00000000e5e80000)
 ParOldGen       total 73216K, used 16371K [0x0000000081c00000, 0x0000000086380000, 0x00000000d5f00000)
  object space 73216K, 22% used [0x0000000081c00000,0x0000000082bfcf20,0x0000000086380000)
 Metaspace       used 39331K, capacity 40932K, committed 41304K, reserved 1085440K
  class space    used 5046K, capacity 5344K, committed 5464K, reserved 1048576K
}
Event: 9.171 GC heap before
{Heap before GC invocations=13 (full 2):
 PSYoungGen      total 256512K, used 255472K [0x00000000d5f00000, 0x00000000e6d00000, 0x0000000100000000)
  eden space 246784K, 100% used [0x00000000d5f00000,0x00000000e5000000,0x00000000e5000000)
  from space 9728K, 89% used [0x00000000e6380000,0x00000000e6bfc298,0x00000000e6d00000)
  to   space 14848K, 0% used [0x00000000e5000000,0x00000000e5000000,0x00000000e5e80000)
 ParOldGen       total 73216K, used 16371K [0x0000000081c00000, 0x0000000086380000, 0x00000000d5f00000)
  object space 73216K, 22% used [0x0000000081c00000,0x0000000082bfcf20,0x0000000086380000)
 Metaspace       used 43240K, capacity 45140K, committed 45400K, reserved 1089536K
  class space    used 5562K, capacity 5916K, committed 5976K, reserved 1048576K
Event: 9.187 GC heap after
Heap after GC invocations=13 (full 2):
 PSYoungGen      total 261632K, used 9799K [0x00000000d5f00000, 0x00000000eeb00000, 0x0000000100000000)
  eden space 246784K, 0% used [0x00000000d5f00000,0x00000000d5f00000,0x00000000e5000000)
  from space 14848K, 65% used [0x00000000e5000000,0x00000000e5991cd0,0x00000000e5e80000)
  to   space 14848K, 0% used [0x00000000edc80000,0x00000000edc80000,0x00000000eeb00000)
 ParOldGen       total 73216K, used 21101K [0x0000000081c00000, 0x0000000086380000, 0x00000000d5f00000)
  object space 73216K, 28% used [0x0000000081c00000,0x000000008309b628,0x0000000086380000)
 Metaspace       used 43240K, capacity 45140K, committed 45400K, reserved 1089536K
  class space    used 5562K, capacity 5916K, committed 5976K, reserved 1048576K
}
Event: 12.905 GC heap before
{Heap before GC invocations=14 (full 2):
 PSYoungGen      total 261632K, used 256583K [0x00000000d5f00000, 0x00000000eeb00000, 0x0000000100000000)
  eden space 246784K, 100% used [0x00000000d5f00000,0x00000000e5000000,0x00000000e5000000)
  from space 14848K, 65% used [0x00000000e5000000,0x00000000e5991cd0,0x00000000e5e80000)
  to   space 14848K, 0% used [0x00000000edc80000,0x00000000edc80000,0x00000000eeb00000)
 ParOldGen       total 73216K, used 21101K [0x0000000081c00000, 0x0000000086380000, 0x00000000d5f00000)
  object space 73216K, 28% used [0x0000000081c00000,0x000000008309b628,0x0000000086380000)
 Metaspace       used 54081K, capacity 56332K, committed 56408K, reserved 1097728K
  class space    used 7073K, capacity 7470K, committed 7512K, reserved 1048576K
Event: 12.933 GC heap after
Heap after GC invocations=14 (full 2):
 PSYoungGen      total 385536K, used 13852K [0x00000000d5f00000, 0x00000000eea80000, 0x0000000100000000)
  eden space 371200K, 0% used [0x00000000d5f00000,0x00000000d5f00000,0x00000000ec980000)
  from space 14336K, 96% used [0x00000000edc80000,0x00000000eea072f0,0x00000000eea80000)
  to   space 16384K, 0% used [0x00000000eca80000,0x00000000eca80000,0x00000000eda80000)
 ParOldGen       total 73216K, used 25577K [0x0000000081c00000, 0x0000000086380000, 0x00000000d5f00000)
  object space 73216K, 34% used [0x0000000081c00000,0x00000000834fa688,0x0000000086380000)
 Metaspace       used 54081K, capacity 56332K, committed 56408K, reserved 1097728K
  class space    used 7073K, capacity 7470K, committed 7512K, reserved 1048576K
}
Event: 299.674 GC heap before
{Heap before GC invocations=15 (full 2):
 PSYoungGen      total 385536K, used 109173K [0x00000000d5f00000, 0x00000000eea80000, 0x0000000100000000)
  eden space 371200K, 25% used [0x00000000d5f00000,0x00000000dbc16148,0x00000000ec980000)
  from space 14336K, 96% used [0x00000000edc80000,0x00000000eea072f0,0x00000000eea80000)
  to   space 16384K, 0% used [0x00000000eca80000,0x00000000eca80000,0x00000000eda80000)
 ParOldGen       total 73216K, used 25577K [0x0000000081c00000, 0x0000000086380000, 0x00000000d5f00000)
  object space 73216K, 34% used [0x0000000081c00000,0x00000000834fa688,0x0000000086380000)
 Metaspace       used 56556K, capacity 58952K, committed 59028K, reserved 1099776K
  class space    used 7409K, capacity 7842K, committed 7896K, reserved 1048576K
Event: 299.687 GC heap after
Heap after GC invocations=15 (full 2):
 PSYoungGen      total 388608K, used 4308K [0x00000000d5f00000, 0x00000000f9600000, 0x0000000100000000)
  eden space 372224K, 0% used [0x00000000d5f00000,0x00000000d5f00000,0x00000000eca80000)
  from space 16384K, 26% used [0x00000000eca80000,0x00000000eceb50e0,0x00000000eda80000)
  to   space 16384K, 0% used [0x00000000f8600000,0x00000000f8600000,0x00000000f9600000)
 ParOldGen       total 73216K, used 32322K [0x0000000081c00000, 0x0000000086380000, 0x00000000d5f00000)
  object space 73216K, 44% used [0x0000000081c00000,0x0000000083b908c0,0x0000000086380000)
 Metaspace       used 56556K, capacity 58952K, committed 59028K, reserved 1099776K
  class space    used 7409K, capacity 7842K, committed 7896K, reserved 1048576K
}
Event: 299.687 GC heap before
{Heap before GC invocations=16 (full 3):
 PSYoungGen      total 388608K, used 4308K [0x00000000d5f00000, 0x00000000f9600000, 0x0000000100000000)
  eden space 372224K, 0% used [0x00000000d5f00000,0x00000000d5f00000,0x00000000eca80000)
  from space 16384K, 26% used [0x00000000eca80000,0x00000000eceb50e0,0x00000000eda80000)
  to   space 16384K, 0% used [0x00000000f8600000,0x00000000f8600000,0x00000000f9600000)
 ParOldGen       total 73216K, used 32322K [0x0000000081c00000, 0x0000000086380000, 0x00000000d5f00000)
  object space 73216K, 44% used [0x0000000081c00000,0x0000000083b908c0,0x0000000086380000)
 Metaspace       used 56556K, capacity 58952K, committed 59028K, reserved 1099776K
  class space    used 7409K, capacity 7842K, committed 7896K, reserved 1048576K
Event: 299.872 GC heap after
Heap after GC invocations=16 (full 3):
 PSYoungGen      total 388608K, used 0K [0x00000000d5f00000, 0x00000000f9600000, 0x0000000100000000)
  eden space 372224K, 0% used [0x00000000d5f00000,0x00000000d5f00000,0x00000000eca80000)
  from space 16384K, 0% used [0x00000000eca80000,0x00000000eca80000,0x00000000eda80000)
  to   space 16384K, 0% used [0x00000000f8600000,0x00000000f8600000,0x00000000f9600000)
 ParOldGen       total 73216K, used 31999K [0x0000000081c00000, 0x0000000086380000, 0x00000000d5f00000)
  object space 73216K, 43% used [0x0000000081c00000,0x0000000083b3ff18,0x0000000086380000)
 Metaspace       used 56556K, capacity 58952K, committed 59028K, reserved 1099776K
  class space    used 7409K, capacity 7842K, committed 7896K, reserved 1048576K
}

Deoptimization events (10 events):
Event: 91.637 Thread 0x0000000026347000 Uncommon trap: reason=speculate_class_check action=maybe_recompile pc=0x00000000032c18f0 method=java.util.AbstractList.listIterator()Ljava/util/ListIterator; @ 2
Event: 91.637 Thread 0x0000000026347000 Uncommon trap: reason=speculate_class_check action=maybe_recompile pc=0x00000000032c18f0 method=java.util.AbstractList.listIterator()Ljava/util/ListIterator; @ 2
Event: 299.379 Thread 0x000000001d1f5800 Uncommon trap: reason=unstable_if action=reinterpret pc=0x0000000004088518 method=org.springframework.beans.factory.support.AbstractBeanFactory.isTypeMatch(Ljava/lang/String;Lorg/springframework/core/ResolvableType;)Z @ 216
Event: 299.562 Thread 0x000000001d1f5800 Uncommon trap: reason=unstable_if action=reinterpret pc=0x000000000406a574 method=org.springframework.core.BridgeMethodResolver.isBridgedCandidateFor(Ljava/lang/reflect/Method;Ljava/lang/reflect/Method;)Z @ 37
Event: 299.587 Thread 0x000000001d1f5800 Uncommon trap: reason=unstable_if action=reinterpret pc=0x000000000348df28 method=java.util.HashMap.putVal(ILjava/lang/Object;Ljava/lang/Object;ZZ)Ljava/lang/Object; @ 162
Event: 299.588 Thread 0x000000001d1f5800 Uncommon trap: reason=unstable_if action=reinterpret pc=0x00000000034b2048 method=java.util.HashMap.resize()[Ljava/util/HashMap$Node; @ 206
Event: 299.872 Thread 0x0000000017e0d800 Uncommon trap: reason=unstable_if action=reinterpret pc=0x00000000035ba674 method=java.lang.ref.Reference.tryHandlePending(Z)Z @ 20
Event: 299.946 Thread 0x000000001d1f5800 Uncommon trap: reason=unstable_if action=reinterpret pc=0x00000000043111f8 method=java.util.regex.Pattern$7.isSatisfiedBy(I)Z @ 19
Event: 299.946 Thread 0x000000001d1f5800 Uncommon trap: reason=unstable_if action=reinterpret pc=0x0000000004311460 method=java.util.regex.Pattern$7.isSatisfiedBy(I)Z @ 19
Event: 299.946 Thread 0x000000001d1f5800 Uncommon trap: reason=unstable_if action=reinterpret pc=0x0000000004311460 method=java.util.regex.Pattern$7.isSatisfiedBy(I)Z @ 19

Classes redefined (0 events):
No events

Internal exceptions (10 events):
Event: 299.983 Thread 0x000000001d1f5800 Exception <a 'java/lang/ClassNotFoundException': com/netflix/loadbalancer/LoadBalancerContextCustomizer> (0x00000000d6bd3868) thrown at [C:\re\workspace\8-2-build-windows-amd64-cygwin\jdk8u181\11358\hotspot\src\share\vm\classfile\systemDictionary.cpp, lin
Event: 299.985 Thread 0x000000001d1f5800 Exception <a 'java/lang/ClassNotFoundException': com/netflix/client/AbstractLoadBalancerAwareClientCustomizer> (0x00000000d6c0f9e8) thrown at [C:\re\workspace\8-2-build-windows-amd64-cygwin\jdk8u181\11358\hotspot\src\share\vm\classfile\systemDictionary.cp
Event: 299.986 Thread 0x000000001d1f5800 Exception <a 'java/lang/ClassNotFoundException': org/springframework/cloud/netflix/ribbon/support/AbstractLoadBalancingClientCustomizer> (0x00000000d6c49f90) thrown at [C:\re\workspace\8-2-build-windows-amd64-cygwin\jdk8u181\11358\hotspot\src\share\vm\cla
Event: 299.987 Thread 0x000000001d1f5800 Exception <a 'java/lang/ClassNotFoundException': org/springframework/cloud/netflix/ribbon/apache/RibbonLoadBalancingHttpClientCustomizer> (0x00000000d6c88780) thrown at [C:\re\workspace\8-2-build-windows-amd64-cygwin\jdk8u181\11358\hotspot\src\share\vm\cl
Event: 299.989 Thread 0x000000001d1f5800 Exception <a 'java/lang/ClassNotFoundException': org/springframework/cloud/client/loadbalancer/ServiceInstanceChooserCustomizer> (0x00000000d6ccc558) thrown at [C:\re\workspace\8-2-build-windows-amd64-cygwin\jdk8u181\11358\hotspot\src\share\vm\classfile\s
Event: 299.990 Thread 0x000000001d1f5800 Exception <a 'java/lang/ClassNotFoundException': com/netflix/client/IClientCustomizer> (0x00000000d6cea7e8) thrown at [C:\re\workspace\8-2-build-windows-amd64-cygwin\jdk8u181\11358\hotspot\src\share\vm\classfile\systemDictionary.cpp, line 210]
Event: 299.991 Thread 0x000000001d1f5800 Exception <a 'java/lang/ClassNotFoundException': com/netflix/client/IClientConfigAwareCustomizer> (0x00000000d6d0d908) thrown at [C:\re\workspace\8-2-build-windows-amd64-cygwin\jdk8u181\11358\hotspot\src\share\vm\classfile\systemDictionary.cpp, line 210]
Event: 299.992 Thread 0x000000001d1f5800 Exception <a 'java/lang/ClassNotFoundException': com/netflix/client/IClientConfigAwareCustomizer> (0x00000000d6d2fe40) thrown at [C:\re\workspace\8-2-build-windows-amd64-cygwin\jdk8u181\11358\hotspot\src\share\vm\classfile\systemDictionary.cpp, line 210]
Event: 299.996 Thread 0x000000001d1f5800 Exception <a 'java/lang/ClassNotFoundException': java/lang/ObjectCustomizer> (0x00000000d6d5e820) thrown at [C:\re\workspace\8-2-build-windows-amd64-cygwin\jdk8u181\11358\hotspot\src\share\vm\classfile\systemDictionary.cpp, line 210]
Event: 299.997 Thread 0x000000001d1f5800 Exception <a 'java/lang/ClassNotFoundException': com/netflix/loadbalancer/LoadBalancerContextCustomizer> (0x00000000d6d86e68) thrown at [C:\re\workspace\8-2-build-windows-amd64-cygwin\jdk8u181\11358\hotspot\src\share\vm\classfile\systemDictionary.cpp, lin

Events (10 events):
Event: 299.998 Thread 0x000000001d1f5800 DEOPT PACKING pc=0x0000000003126d64 sp=0x000000002b05b930
Event: 299.998 Thread 0x000000001d1f5800 DEOPT UNPACKING pc=0x0000000002ed7890 sp=0x000000002b05b690 mode 1
Event: 299.998 loading class org/springframework/cloud/netflix/ribbon/RibbonLoadBalancerContextCustomizer
Event: 299.998 loading class org/springframework/cloud/netflix/ribbon/RibbonLoadBalancerContextCustomizer done
Event: 299.998 Thread 0x000000001d1f5800 DEOPT PACKING pc=0x000000000351e374 sp=0x000000002b05a3b0
Event: 299.998 Thread 0x000000001d1f5800 DEOPT UNPACKING pc=0x0000000002ed7890 sp=0x000000002b05a0a8 mode 1
Event: 299.998 Thread 0x000000001d1f5800 DEOPT PACKING pc=0x00000000030ce894 sp=0x000000002b05ad10
Event: 299.998 Thread 0x000000001d1f5800 DEOPT UNPACKING pc=0x0000000002ed7890 sp=0x000000002b05aa10 mode 1
Event: 299.998 Thread 0x000000001d1f5800 DEOPT PACKING pc=0x0000000003531ac4 sp=0x000000002b05ad50
Event: 299.998 Thread 0x000000001d1f5800 DEOPT UNPACKING pc=0x0000000002ed7890 sp=0x000000002b05aa40 mode 1


Dynamic libraries:
0x00007ff6ac690000 - 0x00007ff6ac6c7000 	D:\work\jdk\bin\java.exe
0x00007ff87eb20000 - 0x00007ff87ed0d000 	C:\WINDOWS\SYSTEM32\ntdll.dll
0x00007ff87cdc0000 - 0x00007ff87ce73000 	C:\WINDOWS\System32\KERNEL32.DLL
0x00007ff87b7d0000 - 0x00007ff87ba63000 	C:\WINDOWS\System32\KERNELBASE.dll
0x00007ff87ea40000 - 0x00007ff87eae3000 	C:\WINDOWS\System32\ADVAPI32.dll
0x00007ff87c090000 - 0x00007ff87c12e000 	C:\WINDOWS\System32\msvcrt.dll
0x00007ff87bdb0000 - 0x00007ff87be4e000 	C:\WINDOWS\System32\sechost.dll
0x00007ff87bee0000 - 0x00007ff87c002000 	C:\WINDOWS\System32\RPCRT4.dll
0x00007ff87c200000 - 0x00007ff87c397000 	C:\WINDOWS\System32\USER32.dll
0x00007ff87b760000 - 0x00007ff87b780000 	C:\WINDOWS\System32\win32u.dll
0x00007ff87c790000 - 0x00007ff87c7b9000 	C:\WINDOWS\System32\GDI32.dll
0x00007ff87b3e0000 - 0x00007ff87b57a000 	C:\WINDOWS\System32\gdi32full.dll
0x00007ff87ba70000 - 0x00007ff87bb10000 	C:\WINDOWS\System32\msvcp_win.dll
0x00007ff87b580000 - 0x00007ff87b67a000 	C:\WINDOWS\System32\ucrtbase.dll
0x00007ff86f1f0000 - 0x00007ff86f469000 	C:\WINDOWS\WinSxS\amd64_microsoft.windows.common-controls_6595b64144ccf1df_6.0.17763.437_none_05b63dca071e5dd6\COMCTL32.dll
0x00007ff87ca90000 - 0x00007ff87cdbc000 	C:\WINDOWS\System32\combase.dll
0x00007ff87b360000 - 0x00007ff87b3de000 	C:\WINDOWS\System32\bcryptPrimitives.dll
0x00007ff87beb0000 - 0x00007ff87bede000 	C:\WINDOWS\System32\IMM32.DLL
0x0000000058650000 - 0x0000000058722000 	D:\work\jdk\jre\bin\msvcr100.dll
0x00000000579f0000 - 0x0000000058292000 	D:\work\jdk\jre\bin\server\jvm.dll
0x00007ff87e530000 - 0x00007ff87e538000 	C:\WINDOWS\System32\PSAPI.DLL
0x00007ff876fe0000 - 0x00007ff876fe9000 	C:\WINDOWS\SYSTEM32\WSOCK32.dll
0x00007ff8728d0000 - 0x00007ff8728da000 	C:\WINDOWS\SYSTEM32\VERSION.dll
0x00007ff878920000 - 0x00007ff878944000 	C:\WINDOWS\SYSTEM32\WINMM.dll
0x00007ff87c720000 - 0x00007ff87c78d000 	C:\WINDOWS\System32\WS2_32.dll
0x00007ff878580000 - 0x00007ff8785ad000 	C:\WINDOWS\SYSTEM32\winmmbase.dll
0x00007ff87b780000 - 0x00007ff87b7ca000 	C:\WINDOWS\System32\cfgmgr32.dll
0x000000005a4b0000 - 0x000000005a4bf000 	D:\work\jdk\jre\bin\verify.dll
0x000000005a480000 - 0x000000005a4a9000 	D:\work\jdk\jre\bin\java.dll
0x0000000057530000 - 0x0000000057565000 	D:\work\jdk\jre\bin\jdwp.dll
0x0000000057520000 - 0x0000000057528000 	D:\work\jdk\jre\bin\npt.dll
0x00000000574f0000 - 0x0000000057513000 	D:\work\jdk\jre\bin\instrument.dll
0x0000000058630000 - 0x0000000058646000 	D:\work\jdk\jre\bin\zip.dll
0x00007ff87d040000 - 0x00007ff87e530000 	C:\WINDOWS\System32\SHELL32.dll
0x00007ff87c7c0000 - 0x00007ff87c868000 	C:\WINDOWS\System32\shcore.dll
0x00007ff87ac10000 - 0x00007ff87b35a000 	C:\WINDOWS\System32\windows.storage.dll
0x00007ff87ab80000 - 0x00007ff87aba4000 	C:\WINDOWS\System32\profapi.dll
0x00007ff87ab20000 - 0x00007ff87ab7d000 	C:\WINDOWS\System32\powrprof.dll
0x00007ff87c870000 - 0x00007ff87c8c2000 	C:\WINDOWS\System32\shlwapi.dll
0x00007ff87abd0000 - 0x00007ff87abe1000 	C:\WINDOWS\System32\kernel.appcore.dll
0x00007ff87abf0000 - 0x00007ff87ac07000 	C:\WINDOWS\System32\cryptsp.dll
0x00000000574e0000 - 0x00000000574e9000 	D:\work\jdk\jre\bin\dt_socket.dll
0x00007ff87a3a0000 - 0x00007ff87a407000 	C:\WINDOWS\system32\mswsock.dll
0x0000000058420000 - 0x000000005843a000 	D:\work\jdk\jre\bin\net.dll
0x00007ff87a100000 - 0x00007ff87a13d000 	C:\WINDOWS\SYSTEM32\IPHLPAPI.DLL
0x00007ff87ca80000 - 0x00007ff87ca88000 	C:\WINDOWS\System32\NSI.dll
0x00007ff8706a0000 - 0x00007ff8706b6000 	C:\WINDOWS\SYSTEM32\dhcpcsvc6.DLL
0x00007ff870bc0000 - 0x00007ff870bdc000 	C:\WINDOWS\SYSTEM32\dhcpcsvc.DLL
0x00007ff87a140000 - 0x00007ff87a206000 	C:\WINDOWS\SYSTEM32\DNSAPI.dll
0x00007ff86f0c0000 - 0x00007ff86f0ca000 	C:\Windows\System32\rasadhlp.dll
0x00007ff86e700000 - 0x00007ff86e779000 	C:\WINDOWS\System32\fwpuclnt.dll
0x00007ff87b680000 - 0x00007ff87b6a6000 	C:\WINDOWS\System32\bcrypt.dll
0x00000000583f0000 - 0x00000000583fd000 	D:\work\jdk\jre\bin\management.dll
0x00007ff866dd0000 - 0x00007ff866de6000 	C:\WINDOWS\system32\napinsp.dll
0x00007ff866ca0000 - 0x00007ff866cba000 	C:\WINDOWS\system32\pnrpnsp.dll
0x00007ff866c90000 - 0x00007ff866c9e000 	C:\WINDOWS\System32\winrnr.dll
0x00007ff870ee0000 - 0x00007ff870efb000 	C:\WINDOWS\system32\NLAapi.dll
0x00007ff872e90000 - 0x00007ff872ea5000 	C:\WINDOWS\system32\wshbth.dll
0x0000000058400000 - 0x0000000058411000 	D:\work\jdk\jre\bin\nio.dll
0x00007ff879f60000 - 0x00007ff879f93000 	C:\WINDOWS\system32\rsaenh.dll
0x00007ff87aa50000 - 0x00007ff87aa78000 	C:\WINDOWS\SYSTEM32\USERENV.dll
0x00007ff87a570000 - 0x00007ff87a57c000 	C:\WINDOWS\SYSTEM32\CRYPTBASE.dll
0x0000000180000000 - 0x000000018020b000 	D:\work\tomcat\apache-tomcat-8.5.14\bin\tcnative-1.dll
0x00000000583c0000 - 0x00000000583e4000 	D:\work\jdk\jre\bin\sunec.dll

VM Arguments:
jvm_args: -agentlib:jdwp=transport=dt_socket,address=127.0.0.1:62330,suspend=y,server=n -Dspring.output.ansi.enabled=always -javaagent:C:\Users\likun\.IntelliJIdea2016.3\system\groovyHotSwap\gragent.jar -Dfile.encoding=UTF-8 
java_command: com.lk.cn.ServiceZuulApplication
java_class_path (initial): D:\work\jdk\jre\lib\charsets.jar;D:\work\jdk\jre\lib\deploy.jar;D:\work\jdk\jre\lib\ext\access-bridge-64.jar;D:\work\jdk\jre\lib\ext\cldrdata.jar;D:\work\jdk\jre\lib\ext\dnsns.jar;D:\work\jdk\jre\lib\ext\jaccess.jar;D:\work\jdk\jre\lib\ext\jfxrt.jar;D:\work\jdk\jre\lib\ext\localedata.jar;D:\work\jdk\jre\lib\ext\nashorn.jar;D:\work\jdk\jre\lib\ext\sunec.jar;D:\work\jdk\jre\lib\ext\sunjce_provider.jar;D:\work\jdk\jre\lib\ext\sunmscapi.jar;D:\work\jdk\jre\lib\ext\sunpkcs11.jar;D:\work\jdk\jre\lib\ext\zipfs.jar;D:\work\jdk\jre\lib\javaws.jar;D:\work\jdk\jre\lib\jce.jar;D:\work\jdk\jre\lib\jfr.jar;D:\work\jdk\jre\lib\jfxswt.jar;D:\work\jdk\jre\lib\jsse.jar;D:\work\jdk\jre\lib\management-agent.jar;D:\work\jdk\jre\lib\plugin.jar;D:\work\jdk\jre\lib\resources.jar;D:\work\jdk\jre\lib\rt.jar;D:\work\idea\workSpace\spring-cloud-demo\service-zuul\target\classes;C:\Users\likun\.m2\repository\org\springframework\cloud\spring-cloud-starter-netflix-eureka-client\2.0.0.RELEASE\spring-cloud-starter-netflix-eureka-client-2.0.0.RELEASE.jar;C:\Users\likun\.m2\repository\org\springframework\cloud\spring-cloud-starter\2.0.0.RELEASE\spring-cloud-starter-2.0.0.RELEASE.jar;C:\Users\likun\.m2\repository\org\springframework\cloud\spring-cloud-context\2.0.0.RELEASE\spring-cloud-context-2.0.0.RELEASE.jar;C:\Users\likun\.m2\repository\org\springframework\security\spring-security-crypto\5.0.6.RELEASE\spring-security-crypto-5.0.6.RELEASE.jar;C:\Users\likun\.m2\repository\org\springframework\cloud\spring-cloud-commons\2.0.0.RELEASE\spring-cloud-commons-2.0.0.RELEASE.jar;C:\Users\likun\.m2\repository\org\springframework\security\spring-security-rsa\1.0.5.RELEASE\spring-security-rsa-1.0.5.RELEASE.jar;C:\Users\likun\.m2\repository\org\bouncycastle\bcpkix-jdk15on\1.56\bcpkix-jdk15on-1.56.jar;C:\Users\likun\.m2\repository\org\bouncycastle\bcprov-jdk15on\1.56\bcprov-jdk15on-1.56.jar;C:\Users\likun\.m2\repository\org\springframework\cloud\spring-cloud-netflix-core\2.0.0.RELEASE
Launcher Type: SUN_STANDARD

Environment Variables:
JAVA_HOME=D:\work\jdk
CLASSPATH=.;D:\work\jdk\lib;D:\work\jdk\lib\dt.jar;D:\work\jdk\lib\tools.jar
PATH=D:\app\likun\product\11.2.0\client_1\bin;D:\work\oracle\client;C:\Program Files (x86)\Common Files\Oracle\Java\javapath;C:\WINDOWS\system32;C:\WINDOWS;C:\WINDOWS\System32\Wbem;C:\WINDOWS\System32\WindowsPowerShell\v1.0\;D:\work\git\Git\cmd;D:\work\node\;D:\work\putty\;D:\work\svn\bin;D:\work\yarn\bin\;";D:\work\jdk\bin;D:\work\jdk\jre\bin";D:\work\maven\apache-maven-3.3.9\bin;C:\WINDOWS\System32\OpenSSH\;D:\work\tomcat\apache-tomcat-8.5.14\bin;C:\Users\likun\AppData\Local\Microsoft\WindowsApps;C:\Users\likun\AppData\Roaming\npm;C:\Users\likun\AppData\Local\Yarn\bin;;D:\work\VSCodeUserSetup-x64-1.34.0\Microsoft VS Code\bin
USERNAME=likun
OS=Windows_NT
PROCESSOR_IDENTIFIER=Intel64 Family 6 Model 142 Stepping 10, GenuineIntel



---------------  S Y S T E M  ---------------

OS: Windows 10.0 , 64 bit Build 17763 (10.0.17763.437)

CPU:total 8 (initial active 8) (4 cores per cpu, 2 threads per core) family 6 model 142 stepping 10, cmov, cx8, fxsr, mmx, sse, sse2, sse3, ssse3, sse4.1, sse4.2, popcnt, avx, avx2, aes, clmul, erms, 3dnowpref, lzcnt, ht, tsc, tscinvbit, bmi1, bmi2, adx

Memory: 4k page, physical 8269924k(447444k free), swap 19935584k(4124k free)

vm_info: Java HotSpot(TM) 64-Bit Server VM (25.181-b13) for windows-amd64 JRE (1.8.0_181-b13), built on Jul  7 2018 04:01:33 by "java_re" with MS VC++ 10.0 (VS2010)

time: Tue Jul 16 15:54:37 2019
elapsed time: 300 seconds (0d 0h 5m 0s)

